2023-02-06 11:52:48,110 
Namespace(cfg='experiments/tacos/MSAT-128.yaml', dataDir=None, gpus=None, logDir=None, modelDir=None, tag=None, verbose=True, workers=None)
2023-02-06 11:52:48,112 
{'CUDNN': {'BENCHMARK': True, 'DETERMINISTIC': False, 'ENABLED': True},
 'DATASET': {'BIAS': 0,
             'DOWNSAMPLING_STRIDE': 16,
             'MODALITY': '',
             'NAME': 'TACoS',
             'NORMALIZE': True,
             'NO_VAL': False,
             'NUM_SAMPLE_CLIPS': 256,
             'RANDOM_SAMPLING': False,
             'ROOT': '',
             'SPLIT': '',
             'TARGET_STRIDE': 2,
             'VIS_INPUT_TYPE': 'c3d'},
 'DATA_DIR': './data/TACoS',
 'LOG_DIR': './log',
 'LOSS': {'NAME': 'bce_rescale_loss',
          'PARAMS': {'W1': 0.3, 'W2': 1.0, 'W3': 200.0, 'W4': 0.25}},
 'MODEL': {'CHECKPOINT': './checkpoints/TACoS/TAN_c3d/iter012220-0.3827-0.6442.pkl',
           'NAME': 'TAN'},
 'MODEL_DIR': './checkpoints',
 'RESULT_DIR': './results',
 'TAG': '',
 'TAN': {'FRAME_MODULE': {'NAME': 'FrameAvgPool',
                          'PARAMS': {'HIDDEN_SIZE': 512,
                                     'INPUT_SIZE': 4096,
                                     'KERNEL_SIZE': 2,
                                     'STRIDE': 2}},
         'FUSION_MODULE': {'NAME': '', 'PARAMS': None},
         'MAP_MODULE': {'NAME': '', 'PARAMS': None},
         'PRED_INPUT_SIZE': 512,
         'PROP_MODULE': {'NAME': '', 'PARAMS': None},
         'VLBERT_MODULE': {'NAME': 'TLocVLBERT',
                           'PARAMS': {'BERT_MODEL_NAME': './model/pretrained_model/bert-base-uncased',
                                      'BERT_PRETRAINED': '',
                                      'BERT_PRETRAINED_EPOCH': 0,
                                      'CLASSIFIER_DROPOUT': 0.1,
                                      'CLASSIFIER_HIDDEN_SIZE': 512,
                                      'CLASSIFIER_PRETRAINED': True,
                                      'CLASSIFIER_TYPE': '2fc',
                                      'NO_GROUNDING': True,
                                      'attention_probs_dropout_prob': 0.1,
                                      'hidden_act': 'gelu',
                                      'hidden_dropout_prob': 0.1,
                                      'hidden_size': 512,
                                      'initializer_range': 0.02,
                                      'input_transform_type': 1,
                                      'intermediate_size': 512,
                                      'max_position_embeddings': 512,
                                      'num_attention_heads': 4,
                                      'num_hidden_layers': 5,
                                      'object_word_embed_mode': 2,
                                      'type_vocab_size': 2,
                                      'visual_ln': False,
                                      'visual_scale_object_init': 1.0,
                                      'visual_scale_text_init': 1.0,
                                      'visual_size': 4096,
                                      'vocab_size': 1514,
                                      'with_pooler': True,
                                      'word_embedding_frozen': False}}},
 'TEST': {'BATCH_SIZE': 7,
          'EVAL_TRAIN': False,
          'INTERVAL': 1.0,
          'NMS_THRESH': 0.37,
          'RECALL': '1,5',
          'TIOU': '0.3,0.5,0.7',
          'TOP_K': 10},
 'TRAIN': {'BATCH_SIZE': 7,
           'CONTINUE': False,
           'FACTOR': 0.8,
           'LR': 0.0001,
           'MAX_EPOCH': 100,
           'PATIENCE': 20,
           'SHUFFLE': True,
           'WEIGHT_DECAY': 0.0},
 'VERBOSE': True,
 'WORKERS': 4}
2023-02-06 12:26:02,077 
iter: 1398 train loss 8.4519 val loss 7.6114 test loss 7.6856
+performance on validation set------+-----------------+-----------------+-----------------+-----------------+------+
| Rank@1,mIoU@0.3 | Rank@1,mIoU@0.5 | Rank@1,mIoU@0.7 | Rank@5,mIoU@0.3 | Rank@5,mIoU@0.5 | Rank@5,mIoU@0.7 | mIoU |
+-----------------+-----------------+-----------------+-----------------+-----------------+-----------------+------+
|      13.26      |       7.69      |       3.70      |      41.25      |      27.36      |      12.90      | 9.89 |
+-----------------+-----------------+-----------------+-----------------+-----------------+-----------------+------+
+performance on testing set---------+-----------------+-----------------+-----------------+-----------------+-------+
| Rank@1,mIoU@0.3 | Rank@1,mIoU@0.5 | Rank@1,mIoU@0.7 | Rank@5,mIoU@0.3 | Rank@5,mIoU@0.5 | Rank@5,mIoU@0.7 | mIoU  |
+-----------------+-----------------+-----------------+-----------------+-----------------+-----------------+-------+
|      13.56      |       7.72      |       3.60      |      42.40      |      28.07      |      12.99      | 10.23 |
+-----------------+-----------------+-----------------+-----------------+-----------------+-----------------+-------+

2023-02-06 12:59:37,492 
iter: 2796 train loss 7.9250 val loss 7.4722 test loss 7.5802
+performance on validation set------+-----------------+-----------------+-----------------+-----------------+-------+
| Rank@1,mIoU@0.3 | Rank@1,mIoU@0.5 | Rank@1,mIoU@0.7 | Rank@5,mIoU@0.3 | Rank@5,mIoU@0.5 | Rank@5,mIoU@0.7 | mIoU  |
+-----------------+-----------------+-----------------+-----------------+-----------------+-----------------+-------+
|      25.92      |      16.13      |       8.77      |      50.33      |      38.25      |      19.57      | 17.73 |
+-----------------+-----------------+-----------------+-----------------+-----------------+-----------------+-------+
+performance on testing set---------+-----------------+-----------------+-----------------+-----------------+-------+
| Rank@1,mIoU@0.3 | Rank@1,mIoU@0.5 | Rank@1,mIoU@0.7 | Rank@5,mIoU@0.3 | Rank@5,mIoU@0.5 | Rank@5,mIoU@0.7 | mIoU  |
+-----------------+-----------------+-----------------+-----------------+-----------------+-----------------+-------+
|      22.23      |      14.11      |       6.52      |      50.41      |      37.28      |      16.58      | 15.91 |
+-----------------+-----------------+-----------------+-----------------+-----------------+-----------------+-------+

2023-02-06 13:33:22,564 
iter: 4194 train loss 7.3984 val loss 7.4215 test loss 7.4432
+performance on validation set------+-----------------+-----------------+-----------------+-----------------+-------+
| Rank@1,mIoU@0.3 | Rank@1,mIoU@0.5 | Rank@1,mIoU@0.7 | Rank@5,mIoU@0.3 | Rank@5,mIoU@0.5 | Rank@5,mIoU@0.7 | mIoU  |
+-----------------+-----------------+-----------------+-----------------+-----------------+-----------------+-------+
|      29.57      |      19.08      |       9.97      |      57.51      |      42.38      |      19.88      | 21.01 |
+-----------------+-----------------+-----------------+-----------------+-----------------+-----------------+-------+
+performance on testing set---------+-----------------+-----------------+-----------------+-----------------+-------+
| Rank@1,mIoU@0.3 | Rank@1,mIoU@0.5 | Rank@1,mIoU@0.7 | Rank@5,mIoU@0.3 | Rank@5,mIoU@0.5 | Rank@5,mIoU@0.7 | mIoU  |
+-----------------+-----------------+-----------------+-----------------+-----------------+-----------------+-------+
|      29.40      |      18.76      |      10.49      |      56.62      |      42.73      |      22.65      | 20.42 |
+-----------------+-----------------+-----------------+-----------------+-----------------+-----------------+-------+

2023-02-06 14:07:09,405 
iter: 5592 train loss 7.0285 val loss 7.2763 test loss 7.3527
+performance on validation set------+-----------------+-----------------+-----------------+-----------------+-------+
| Rank@1,mIoU@0.3 | Rank@1,mIoU@0.5 | Rank@1,mIoU@0.7 | Rank@5,mIoU@0.3 | Rank@5,mIoU@0.5 | Rank@5,mIoU@0.7 | mIoU  |
+-----------------+-----------------+-----------------+-----------------+-----------------+-----------------+-------+
|      31.44      |      22.77      |      12.69      |      59.06      |      45.86      |      23.90      | 22.21 |
+-----------------+-----------------+-----------------+-----------------+-----------------+-----------------+-------+
+performance on testing set---------+-----------------+-----------------+-----------------+-----------------+-------+
| Rank@1,mIoU@0.3 | Rank@1,mIoU@0.5 | Rank@1,mIoU@0.7 | Rank@5,mIoU@0.3 | Rank@5,mIoU@0.5 | Rank@5,mIoU@0.7 | mIoU  |
+-----------------+-----------------+-----------------+-----------------+-----------------+-----------------+-------+
|      33.57      |      25.97      |      14.99      |      60.63      |      49.12      |      25.74      | 24.19 |
+-----------------+-----------------+-----------------+-----------------+-----------------+-----------------+-------+

2023-02-06 14:40:54,870 
iter: 6990 train loss 6.7052 val loss 7.3048 test loss 7.3246
+performance on validation set------+-----------------+-----------------+-----------------+-----------------+-------+
| Rank@1,mIoU@0.3 | Rank@1,mIoU@0.5 | Rank@1,mIoU@0.7 | Rank@5,mIoU@0.3 | Rank@5,mIoU@0.5 | Rank@5,mIoU@0.7 | mIoU  |
+-----------------+-----------------+-----------------+-----------------+-----------------+-----------------+-------+
|      35.35      |      25.55      |      13.70      |      63.03      |      49.14      |      23.99      | 24.93 |
+-----------------+-----------------+-----------------+-----------------+-----------------+-----------------+-------+
+performance on testing set---------+-----------------+-----------------+-----------------+-----------------+-------+
| Rank@1,mIoU@0.3 | Rank@1,mIoU@0.5 | Rank@1,mIoU@0.7 | Rank@5,mIoU@0.3 | Rank@5,mIoU@0.5 | Rank@5,mIoU@0.7 | mIoU  |
+-----------------+-----------------+-----------------+-----------------+-----------------+-----------------+-------+
|      36.79      |      25.62      |      14.09      |      63.16      |      50.30      |      24.20      | 25.68 |
+-----------------+-----------------+-----------------+-----------------+-----------------+-----------------+-------+

2023-02-06 15:14:48,161 
iter: 8388 train loss 6.5312 val loss 7.4585 test loss 7.4709
+performance on validation set------+-----------------+-----------------+-----------------+-----------------+-------+
| Rank@1,mIoU@0.3 | Rank@1,mIoU@0.5 | Rank@1,mIoU@0.7 | Rank@5,mIoU@0.3 | Rank@5,mIoU@0.5 | Rank@5,mIoU@0.7 | mIoU  |
+-----------------+-----------------+-----------------+-----------------+-----------------+-----------------+-------+
|      38.68      |      28.09      |      16.38      |      65.02      |      52.24      |      27.22      | 27.06 |
+-----------------+-----------------+-----------------+-----------------+-----------------+-----------------+-------+
+performance on testing set---------+-----------------+-----------------+-----------------+-----------------+-------+
| Rank@1,mIoU@0.3 | Rank@1,mIoU@0.5 | Rank@1,mIoU@0.7 | Rank@5,mIoU@0.3 | Rank@5,mIoU@0.5 | Rank@5,mIoU@0.7 | mIoU  |
+-----------------+-----------------+-----------------+-----------------+-----------------+-----------------+-------+
|      39.20      |      28.32      |      16.23      |      65.57      |      52.26      |      26.59      | 27.37 |
+-----------------+-----------------+-----------------+-----------------+-----------------+-----------------+-------+

2023-02-06 15:48:36,771 
iter: 9786 train loss 6.3398 val loss 7.4769 test loss 7.4150
+performance on validation set------+-----------------+-----------------+-----------------+-----------------+-------+
| Rank@1,mIoU@0.3 | Rank@1,mIoU@0.5 | Rank@1,mIoU@0.7 | Rank@5,mIoU@0.3 | Rank@5,mIoU@0.5 | Rank@5,mIoU@0.7 | mIoU  |
+-----------------+-----------------+-----------------+-----------------+-----------------+-----------------+-------+
|      39.45      |      27.82      |      16.65      |      65.30      |      52.07      |      27.46      | 27.75 |
+-----------------+-----------------+-----------------+-----------------+-----------------+-----------------+-------+
+performance on testing set---------+-----------------+-----------------+-----------------+-----------------+-------+
| Rank@1,mIoU@0.3 | Rank@1,mIoU@0.5 | Rank@1,mIoU@0.7 | Rank@5,mIoU@0.3 | Rank@5,mIoU@0.5 | Rank@5,mIoU@0.7 | mIoU  |
+-----------------+-----------------+-----------------+-----------------+-----------------+-----------------+-------+
|      39.91      |      28.27      |      15.93      |      66.77      |      53.75      |      27.75      | 28.15 |
+-----------------+-----------------+-----------------+-----------------+-----------------+-----------------+-------+

2023-02-06 16:22:17,647 
iter: 11184 train loss 6.1752 val loss 7.7617 test loss 7.6731
+performance on validation set------+-----------------+-----------------+-----------------+-----------------+-------+
| Rank@1,mIoU@0.3 | Rank@1,mIoU@0.5 | Rank@1,mIoU@0.7 | Rank@5,mIoU@0.3 | Rank@5,mIoU@0.5 | Rank@5,mIoU@0.7 | mIoU  |
+-----------------+-----------------+-----------------+-----------------+-----------------+-----------------+-------+
|      38.58      |      27.70      |      16.37      |      64.08      |      50.69      |      26.45      | 27.24 |
+-----------------+-----------------+-----------------+-----------------+-----------------+-----------------+-------+
+performance on testing set---------+-----------------+-----------------+-----------------+-----------------+-------+
| Rank@1,mIoU@0.3 | Rank@1,mIoU@0.5 | Rank@1,mIoU@0.7 | Rank@5,mIoU@0.3 | Rank@5,mIoU@0.5 | Rank@5,mIoU@0.7 | mIoU  |
+-----------------+-----------------+-----------------+-----------------+-----------------+-----------------+-------+
|      40.78      |      30.67      |      17.41      |      67.58      |      55.82      |      28.27      | 29.02 |
+-----------------+-----------------+-----------------+-----------------+-----------------+-----------------+-------+

2023-02-06 16:56:11,087 
iter: 12582 train loss 6.0647 val loss 7.5950 test loss 7.5761
+performance on validation set------+-----------------+-----------------+-----------------+-----------------+-------+
| Rank@1,mIoU@0.3 | Rank@1,mIoU@0.5 | Rank@1,mIoU@0.7 | Rank@5,mIoU@0.3 | Rank@5,mIoU@0.5 | Rank@5,mIoU@0.7 | mIoU  |
+-----------------+-----------------+-----------------+-----------------+-----------------+-----------------+-------+
|      40.89      |      29.85      |      17.35      |      64.58      |      52.05      |      26.90      | 28.81 |
+-----------------+-----------------+-----------------+-----------------+-----------------+-----------------+-------+
+performance on testing set---------+-----------------+-----------------+-----------------+-----------------+-------+
| Rank@1,mIoU@0.3 | Rank@1,mIoU@0.5 | Rank@1,mIoU@0.7 | Rank@5,mIoU@0.3 | Rank@5,mIoU@0.5 | Rank@5,mIoU@0.7 | mIoU  |
+-----------------+-----------------+-----------------+-----------------+-----------------+-----------------+-------+
|      42.45      |      31.57      |      17.71      |      68.39      |      56.54      |      29.22      | 30.08 |
+-----------------+-----------------+-----------------+-----------------+-----------------+-----------------+-------+

2023-02-06 17:29:57,337 
iter: 13980 train loss 5.9241 val loss 7.7677 test loss 7.9585
+performance on validation set------+-----------------+-----------------+-----------------+-----------------+-------+
| Rank@1,mIoU@0.3 | Rank@1,mIoU@0.5 | Rank@1,mIoU@0.7 | Rank@5,mIoU@0.3 | Rank@5,mIoU@0.5 | Rank@5,mIoU@0.7 | mIoU  |
+-----------------+-----------------+-----------------+-----------------+-----------------+-----------------+-------+
|      39.29      |      29.18      |      17.35      |      61.32      |      49.73      |      26.07      | 27.78 |
+-----------------+-----------------+-----------------+-----------------+-----------------+-----------------+-------+
+performance on testing set---------+-----------------+-----------------+-----------------+-----------------+-------+
| Rank@1,mIoU@0.3 | Rank@1,mIoU@0.5 | Rank@1,mIoU@0.7 | Rank@5,mIoU@0.3 | Rank@5,mIoU@0.5 | Rank@5,mIoU@0.7 | mIoU  |
+-----------------+-----------------+-----------------+-----------------+-----------------+-----------------+-------+
|      39.78      |      31.09      |      18.23      |      61.72      |      51.46      |      27.82      | 28.62 |
+-----------------+-----------------+-----------------+-----------------+-----------------+-----------------+-------+

2023-02-06 18:03:45,484 
iter: 15378 train loss 5.8580 val loss 7.4169 test loss 7.4245
+performance on validation set------+-----------------+-----------------+-----------------+-----------------+-------+
| Rank@1,mIoU@0.3 | Rank@1,mIoU@0.5 | Rank@1,mIoU@0.7 | Rank@5,mIoU@0.3 | Rank@5,mIoU@0.5 | Rank@5,mIoU@0.7 | mIoU  |
+-----------------+-----------------+-----------------+-----------------+-----------------+-----------------+-------+
|      42.41      |      30.69      |      18.30      |      66.97      |      52.84      |      28.62      | 29.55 |
+-----------------+-----------------+-----------------+-----------------+-----------------+-----------------+-------+
+performance on testing set---------+-----------------+-----------------+-----------------+-----------------+-------+
| Rank@1,mIoU@0.3 | Rank@1,mIoU@0.5 | Rank@1,mIoU@0.7 | Rank@5,mIoU@0.3 | Rank@5,mIoU@0.5 | Rank@5,mIoU@0.7 | mIoU  |
+-----------------+-----------------+-----------------+-----------------+-----------------+-----------------+-------+
|      45.09      |      33.51      |      20.07      |      68.11      |      55.50      |      31.26      | 31.66 |
+-----------------+-----------------+-----------------+-----------------+-----------------+-----------------+-------+

2023-02-06 18:37:36,685 
iter: 16776 train loss 5.7660 val loss 7.9521 test loss 8.0221
+performance on validation set------+-----------------+-----------------+-----------------+-----------------+-------+
| Rank@1,mIoU@0.3 | Rank@1,mIoU@0.5 | Rank@1,mIoU@0.7 | Rank@5,mIoU@0.3 | Rank@5,mIoU@0.5 | Rank@5,mIoU@0.7 | mIoU  |
+-----------------+-----------------+-----------------+-----------------+-----------------+-----------------+-------+
|      40.81      |      30.49      |      17.86      |      64.81      |      52.21      |      27.85      | 28.90 |
+-----------------+-----------------+-----------------+-----------------+-----------------+-----------------+-------+
+performance on testing set---------+-----------------+-----------------+-----------------+-----------------+-------+
| Rank@1,mIoU@0.3 | Rank@1,mIoU@0.5 | Rank@1,mIoU@0.7 | Rank@5,mIoU@0.3 | Rank@5,mIoU@0.5 | Rank@5,mIoU@0.7 | mIoU  |
+-----------------+-----------------+-----------------+-----------------+-----------------+-----------------+-------+
|      42.98      |      32.57      |      18.53      |      65.65      |      55.31      |      29.49      | 30.45 |
+-----------------+-----------------+-----------------+-----------------+-----------------+-----------------+-------+

2023-02-06 19:11:33,834 
iter: 18174 train loss 5.6541 val loss 7.8534 test loss 7.9172
+performance on validation set------+-----------------+-----------------+-----------------+-----------------+-------+
| Rank@1,mIoU@0.3 | Rank@1,mIoU@0.5 | Rank@1,mIoU@0.7 | Rank@5,mIoU@0.3 | Rank@5,mIoU@0.5 | Rank@5,mIoU@0.7 | mIoU  |
+-----------------+-----------------+-----------------+-----------------+-----------------+-----------------+-------+
|      41.46      |      30.63      |      18.52      |      67.97      |      53.87      |      28.79      | 29.87 |
+-----------------+-----------------+-----------------+-----------------+-----------------+-----------------+-------+
+performance on testing set---------+-----------------+-----------------+-----------------+-----------------+-------+
| Rank@1,mIoU@0.3 | Rank@1,mIoU@0.5 | Rank@1,mIoU@0.7 | Rank@5,mIoU@0.3 | Rank@5,mIoU@0.5 | Rank@5,mIoU@0.7 | mIoU  |
+-----------------+-----------------+-----------------+-----------------+-----------------+-----------------+-------+
|      40.78      |      31.47      |      19.76      |      66.70      |      55.73      |      30.96      | 29.55 |
+-----------------+-----------------+-----------------+-----------------+-----------------+-----------------+-------+

2023-02-06 19:45:16,753 
iter: 19572 train loss 5.5647 val loss 7.6898 test loss 7.5082
+performance on validation set------+-----------------+-----------------+-----------------+-----------------+-------+
| Rank@1,mIoU@0.3 | Rank@1,mIoU@0.5 | Rank@1,mIoU@0.7 | Rank@5,mIoU@0.3 | Rank@5,mIoU@0.5 | Rank@5,mIoU@0.7 | mIoU  |
+-----------------+-----------------+-----------------+-----------------+-----------------+-----------------+-------+
|      42.65      |      31.88      |      18.54      |      66.92      |      53.82      |      28.88      | 30.19 |
+-----------------+-----------------+-----------------+-----------------+-----------------+-----------------+-------+
+performance on testing set---------+-----------------+-----------------+-----------------+-----------------+-------+
| Rank@1,mIoU@0.3 | Rank@1,mIoU@0.5 | Rank@1,mIoU@0.7 | Rank@5,mIoU@0.3 | Rank@5,mIoU@0.5 | Rank@5,mIoU@0.7 | mIoU  |
+-----------------+-----------------+-----------------+-----------------+-----------------+-----------------+-------+
|      44.21      |      32.97      |      20.55      |      68.94      |      56.58      |      32.08      | 31.45 |
+-----------------+-----------------+-----------------+-----------------+-----------------+-----------------+-------+

2023-02-06 20:19:03,667 
iter: 20970 train loss 5.4397 val loss 7.8456 test loss 7.8272
+performance on validation set------+-----------------+-----------------+-----------------+-----------------+-------+
| Rank@1,mIoU@0.3 | Rank@1,mIoU@0.5 | Rank@1,mIoU@0.7 | Rank@5,mIoU@0.3 | Rank@5,mIoU@0.5 | Rank@5,mIoU@0.7 | mIoU  |
+-----------------+-----------------+-----------------+-----------------+-----------------+-----------------+-------+
|      40.76      |      30.27      |      18.40      |      64.94      |      52.33      |      28.85      | 29.08 |
+-----------------+-----------------+-----------------+-----------------+-----------------+-----------------+-------+
+performance on testing set---------+-----------------+-----------------+-----------------+-----------------+-------+
| Rank@1,mIoU@0.3 | Rank@1,mIoU@0.5 | Rank@1,mIoU@0.7 | Rank@5,mIoU@0.3 | Rank@5,mIoU@0.5 | Rank@5,mIoU@0.7 | mIoU  |
+-----------------+-----------------+-----------------+-----------------+-----------------+-----------------+-------+
|      41.05      |      32.04      |      19.93      |      66.21      |      55.08      |      30.45      | 30.06 |
+-----------------+-----------------+-----------------+-----------------+-----------------+-----------------+-------+

2023-02-06 20:57:01,580 
iter: 22368 train loss 5.4058 val loss 8.1528 test loss 8.0060
+performance on validation set------+-----------------+-----------------+-----------------+-----------------+-------+
| Rank@1,mIoU@0.3 | Rank@1,mIoU@0.5 | Rank@1,mIoU@0.7 | Rank@5,mIoU@0.3 | Rank@5,mIoU@0.5 | Rank@5,mIoU@0.7 | mIoU  |
+-----------------+-----------------+-----------------+-----------------+-----------------+-----------------+-------+
|      40.88      |      30.37      |      17.40      |      64.95      |      52.65      |      28.16      | 28.95 |
+-----------------+-----------------+-----------------+-----------------+-----------------+-----------------+-------+
+performance on testing set---------+-----------------+-----------------+-----------------+-----------------+-------+
| Rank@1,mIoU@0.3 | Rank@1,mIoU@0.5 | Rank@1,mIoU@0.7 | Rank@5,mIoU@0.3 | Rank@5,mIoU@0.5 | Rank@5,mIoU@0.7 | mIoU  |
+-----------------+-----------------+-----------------+-----------------+-----------------+-----------------+-------+
|      42.92      |      31.36      |      19.02      |      66.84      |      55.33      |      30.29      | 30.61 |
+-----------------+-----------------+-----------------+-----------------+-----------------+-----------------+-------+

2023-02-06 21:34:31,950 
iter: 23766 train loss 5.3140 val loss 7.7546 test loss 7.6969
+performance on validation set------+-----------------+-----------------+-----------------+-----------------+-------+
| Rank@1,mIoU@0.3 | Rank@1,mIoU@0.5 | Rank@1,mIoU@0.7 | Rank@5,mIoU@0.3 | Rank@5,mIoU@0.5 | Rank@5,mIoU@0.7 | mIoU  |
+-----------------+-----------------+-----------------+-----------------+-----------------+-----------------+-------+
|      40.60      |      29.50      |      17.69      |      67.46      |      54.48      |      28.82      | 28.91 |
+-----------------+-----------------+-----------------+-----------------+-----------------+-----------------+-------+
+performance on testing set---------+-----------------+-----------------+-----------------+-----------------+-------+
| Rank@1,mIoU@0.3 | Rank@1,mIoU@0.5 | Rank@1,mIoU@0.7 | Rank@5,mIoU@0.3 | Rank@5,mIoU@0.5 | Rank@5,mIoU@0.7 | mIoU  |
+-----------------+-----------------+-----------------+-----------------+-----------------+-----------------+-------+
|      42.18      |      31.39      |      19.38      |      67.76      |      56.27      |      30.99      | 30.12 |
+-----------------+-----------------+-----------------+-----------------+-----------------+-----------------+-------+

2023-02-06 22:08:08,899 
iter: 25164 train loss 5.2750 val loss 8.0668 test loss 8.0038
+performance on validation set------+-----------------+-----------------+-----------------+-----------------+-------+
| Rank@1,mIoU@0.3 | Rank@1,mIoU@0.5 | Rank@1,mIoU@0.7 | Rank@5,mIoU@0.3 | Rank@5,mIoU@0.5 | Rank@5,mIoU@0.7 | mIoU  |
+-----------------+-----------------+-----------------+-----------------+-----------------+-----------------+-------+
|      40.80      |      30.68      |      17.65      |      64.58      |      52.41      |      27.94      | 28.83 |
+-----------------+-----------------+-----------------+-----------------+-----------------+-----------------+-------+
+performance on testing set---------+-----------------+-----------------+-----------------+-----------------+-------+
| Rank@1,mIoU@0.3 | Rank@1,mIoU@0.5 | Rank@1,mIoU@0.7 | Rank@5,mIoU@0.3 | Rank@5,mIoU@0.5 | Rank@5,mIoU@0.7 | mIoU  |
+-----------------+-----------------+-----------------+-----------------+-----------------+-----------------+-------+
|      44.36      |      34.89      |      21.53      |      66.61      |      55.93      |      31.24      | 32.06 |
+-----------------+-----------------+-----------------+-----------------+-----------------+-----------------+-------+

2023-02-06 22:45:54,450 
iter: 26562 train loss 5.1775 val loss 7.5580 test loss 7.5473
+performance on validation set------+-----------------+-----------------+-----------------+-----------------+-------+
| Rank@1,mIoU@0.3 | Rank@1,mIoU@0.5 | Rank@1,mIoU@0.7 | Rank@5,mIoU@0.3 | Rank@5,mIoU@0.5 | Rank@5,mIoU@0.7 | mIoU  |
+-----------------+-----------------+-----------------+-----------------+-----------------+-----------------+-------+
|      44.34      |      33.67      |      19.53      |      67.53      |      55.26      |      29.18      | 31.64 |
+-----------------+-----------------+-----------------+-----------------+-----------------+-----------------+-------+
+performance on testing set---------+-----------------+-----------------+-----------------+-----------------+-------+
| Rank@1,mIoU@0.3 | Rank@1,mIoU@0.5 | Rank@1,mIoU@0.7 | Rank@5,mIoU@0.3 | Rank@5,mIoU@0.5 | Rank@5,mIoU@0.7 | mIoU  |
+-----------------+-----------------+-----------------+-----------------+-----------------+-----------------+-------+
|      43.39      |      33.49      |      20.02      |      68.84      |      56.97      |      31.26      | 31.49 |
+-----------------+-----------------+-----------------+-----------------+-----------------+-----------------+-------+

2023-02-06 23:21:58,137 
iter: 27960 train loss 5.1624 val loss 8.1281 test loss 7.9242
+performance on validation set------+-----------------+-----------------+-----------------+-----------------+-------+
| Rank@1,mIoU@0.3 | Rank@1,mIoU@0.5 | Rank@1,mIoU@0.7 | Rank@5,mIoU@0.3 | Rank@5,mIoU@0.5 | Rank@5,mIoU@0.7 | mIoU  |
+-----------------+-----------------+-----------------+-----------------+-----------------+-----------------+-------+
|      41.80      |      31.62      |      18.83      |      64.76      |      52.36      |      28.94      | 29.97 |
+-----------------+-----------------+-----------------+-----------------+-----------------+-----------------+-------+
+performance on testing set---------+-----------------+-----------------+-----------------+-----------------+-------+
| Rank@1,mIoU@0.3 | Rank@1,mIoU@0.5 | Rank@1,mIoU@0.7 | Rank@5,mIoU@0.3 | Rank@5,mIoU@0.5 | Rank@5,mIoU@0.7 | mIoU  |
+-----------------+-----------------+-----------------+-----------------+-----------------+-----------------+-------+
|      44.35      |      33.57      |      21.95      |      67.35      |      55.79      |      32.21      | 31.81 |
+-----------------+-----------------+-----------------+-----------------+-----------------+-----------------+-------+

2023-02-07 00:02:13,988 
iter: 29358 train loss 5.1348 val loss 7.8918 test loss 8.0044
+performance on validation set------+-----------------+-----------------+-----------------+-----------------+-------+
| Rank@1,mIoU@0.3 | Rank@1,mIoU@0.5 | Rank@1,mIoU@0.7 | Rank@5,mIoU@0.3 | Rank@5,mIoU@0.5 | Rank@5,mIoU@0.7 | mIoU  |
+-----------------+-----------------+-----------------+-----------------+-----------------+-----------------+-------+
|      43.66      |      33.30      |      19.79      |      67.26      |      55.02      |      30.05      | 31.37 |
+-----------------+-----------------+-----------------+-----------------+-----------------+-----------------+-------+
+performance on testing set---------+-----------------+-----------------+-----------------+-----------------+-------+
| Rank@1,mIoU@0.3 | Rank@1,mIoU@0.5 | Rank@1,mIoU@0.7 | Rank@5,mIoU@0.3 | Rank@5,mIoU@0.5 | Rank@5,mIoU@0.7 | mIoU  |
+-----------------+-----------------+-----------------+-----------------+-----------------+-----------------+-------+
|      43.44      |      33.81      |      21.32      |      68.91      |      56.21      |      31.68      | 31.54 |
+-----------------+-----------------+-----------------+-----------------+-----------------+-----------------+-------+

2023-02-07 00:37:39,281 
iter: 30756 train loss 5.0525 val loss 8.2533 test loss 8.0837
+performance on validation set------+-----------------+-----------------+-----------------+-----------------+-------+
| Rank@1,mIoU@0.3 | Rank@1,mIoU@0.5 | Rank@1,mIoU@0.7 | Rank@5,mIoU@0.3 | Rank@5,mIoU@0.5 | Rank@5,mIoU@0.7 | mIoU  |
+-----------------+-----------------+-----------------+-----------------+-----------------+-----------------+-------+
|      42.59      |      32.14      |      19.52      |      66.40      |      53.87      |      29.58      | 30.36 |
+-----------------+-----------------+-----------------+-----------------+-----------------+-----------------+-------+
+performance on testing set---------+-----------------+-----------------+-----------------+-----------------+-------+
| Rank@1,mIoU@0.3 | Rank@1,mIoU@0.5 | Rank@1,mIoU@0.7 | Rank@5,mIoU@0.3 | Rank@5,mIoU@0.5 | Rank@5,mIoU@0.7 | mIoU  |
+-----------------+-----------------+-----------------+-----------------+-----------------+-----------------+-------+
|      45.54      |      35.33      |      22.12      |      68.08      |      56.33      |      32.14      | 32.43 |
+-----------------+-----------------+-----------------+-----------------+-----------------+-----------------+-------+

2023-02-07 01:13:07,713 
iter: 32154 train loss 4.9713 val loss 8.3909 test loss 8.1892
+performance on validation set------+-----------------+-----------------+-----------------+-----------------+-------+
| Rank@1,mIoU@0.3 | Rank@1,mIoU@0.5 | Rank@1,mIoU@0.7 | Rank@5,mIoU@0.3 | Rank@5,mIoU@0.5 | Rank@5,mIoU@0.7 | mIoU  |
+-----------------+-----------------+-----------------+-----------------+-----------------+-----------------+-------+
|      43.86      |      33.86      |      21.10      |      65.27      |      54.70      |      30.64      | 31.68 |
+-----------------+-----------------+-----------------+-----------------+-----------------+-----------------+-------+
+performance on testing set---------+-----------------+-----------------+-----------------+-----------------+-------+
| Rank@1,mIoU@0.3 | Rank@1,mIoU@0.5 | Rank@1,mIoU@0.7 | Rank@5,mIoU@0.3 | Rank@5,mIoU@0.5 | Rank@5,mIoU@0.7 | mIoU  |
+-----------------+-----------------+-----------------+-----------------+-----------------+-----------------+-------+
|      44.62      |      34.53      |      21.92      |      67.56      |      55.35      |      31.53      | 31.97 |
+-----------------+-----------------+-----------------+-----------------+-----------------+-----------------+-------+

2023-02-07 01:46:44,689 
iter: 33552 train loss 4.8821 val loss 8.6516 test loss 8.4458
+performance on validation set------+-----------------+-----------------+-----------------+-----------------+-------+
| Rank@1,mIoU@0.3 | Rank@1,mIoU@0.5 | Rank@1,mIoU@0.7 | Rank@5,mIoU@0.3 | Rank@5,mIoU@0.5 | Rank@5,mIoU@0.7 | mIoU  |
+-----------------+-----------------+-----------------+-----------------+-----------------+-----------------+-------+
|      43.73      |      33.38      |      20.18      |      65.79      |      54.18      |      29.28      | 31.18 |
+-----------------+-----------------+-----------------+-----------------+-----------------+-----------------+-------+
+performance on testing set---------+-----------------+-----------------+-----------------+-----------------+-------+
| Rank@1,mIoU@0.3 | Rank@1,mIoU@0.5 | Rank@1,mIoU@0.7 | Rank@5,mIoU@0.3 | Rank@5,mIoU@0.5 | Rank@5,mIoU@0.7 | mIoU  |
+-----------------+-----------------+-----------------+-----------------+-----------------+-----------------+-------+
|      47.42      |      36.59      |      22.93      |      69.05      |      58.34      |      32.77      | 34.06 |
+-----------------+-----------------+-----------------+-----------------+-----------------+-----------------+-------+

2023-02-07 02:20:16,918 
iter: 34950 train loss 4.8121 val loss 7.8474 test loss 7.5772
+performance on validation set------+-----------------+-----------------+-----------------+-----------------+-------+
| Rank@1,mIoU@0.3 | Rank@1,mIoU@0.5 | Rank@1,mIoU@0.7 | Rank@5,mIoU@0.3 | Rank@5,mIoU@0.5 | Rank@5,mIoU@0.7 | mIoU  |
+-----------------+-----------------+-----------------+-----------------+-----------------+-----------------+-------+
|      44.26      |      32.26      |      20.22      |      66.94      |      54.81      |      30.08      | 31.33 |
+-----------------+-----------------+-----------------+-----------------+-----------------+-----------------+-------+
+performance on testing set---------+-----------------+-----------------+-----------------+-----------------+-------+
| Rank@1,mIoU@0.3 | Rank@1,mIoU@0.5 | Rank@1,mIoU@0.7 | Rank@5,mIoU@0.3 | Rank@5,mIoU@0.5 | Rank@5,mIoU@0.7 | mIoU  |
+-----------------+-----------------+-----------------+-----------------+-----------------+-----------------+-------+
|      46.17      |      35.53      |      21.85      |      69.43      |      58.50      |      33.35      | 33.11 |
+-----------------+-----------------+-----------------+-----------------+-----------------+-----------------+-------+

2023-02-07 02:53:51,219 
iter: 36348 train loss 4.7813 val loss 7.9953 test loss 7.9699
+performance on validation set------+-----------------+-----------------+-----------------+-----------------+-------+
| Rank@1,mIoU@0.3 | Rank@1,mIoU@0.5 | Rank@1,mIoU@0.7 | Rank@5,mIoU@0.3 | Rank@5,mIoU@0.5 | Rank@5,mIoU@0.7 | mIoU  |
+-----------------+-----------------+-----------------+-----------------+-----------------+-----------------+-------+
|      43.66      |      33.59      |      20.60      |      66.65      |      54.66      |      30.81      | 31.52 |
+-----------------+-----------------+-----------------+-----------------+-----------------+-----------------+-------+
+performance on testing set---------+-----------------+-----------------+-----------------+-----------------+-------+
| Rank@1,mIoU@0.3 | Rank@1,mIoU@0.5 | Rank@1,mIoU@0.7 | Rank@5,mIoU@0.3 | Rank@5,mIoU@0.5 | Rank@5,mIoU@0.7 | mIoU  |
+-----------------+-----------------+-----------------+-----------------+-----------------+-----------------+-------+
|      46.77      |      35.66      |      22.98      |      69.96      |      59.00      |      33.27      | 33.36 |
+-----------------+-----------------+-----------------+-----------------+-----------------+-----------------+-------+

2023-02-07 03:27:21,680 
iter: 37746 train loss 4.7663 val loss 8.5796 test loss 8.2412
+performance on validation set------+-----------------+-----------------+-----------------+-----------------+-------+
| Rank@1,mIoU@0.3 | Rank@1,mIoU@0.5 | Rank@1,mIoU@0.7 | Rank@5,mIoU@0.3 | Rank@5,mIoU@0.5 | Rank@5,mIoU@0.7 | mIoU  |
+-----------------+-----------------+-----------------+-----------------+-----------------+-----------------+-------+
|      43.06      |      32.25      |      18.86      |      65.77      |      53.36      |      28.08      | 30.56 |
+-----------------+-----------------+-----------------+-----------------+-----------------+-----------------+-------+
+performance on testing set---------+-----------------+-----------------+-----------------+-----------------+-------+
| Rank@1,mIoU@0.3 | Rank@1,mIoU@0.5 | Rank@1,mIoU@0.7 | Rank@5,mIoU@0.3 | Rank@5,mIoU@0.5 | Rank@5,mIoU@0.7 | mIoU  |
+-----------------+-----------------+-----------------+-----------------+-----------------+-----------------+-------+
|      46.52      |      34.66      |      21.52      |      68.01      |      56.37      |      31.64      | 33.06 |
+-----------------+-----------------+-----------------+-----------------+-----------------+-----------------+-------+

2023-02-07 04:00:59,299 
iter: 39144 train loss 4.6912 val loss 8.2720 test loss 7.9514
+performance on validation set------+-----------------+-----------------+-----------------+-----------------+-------+
| Rank@1,mIoU@0.3 | Rank@1,mIoU@0.5 | Rank@1,mIoU@0.7 | Rank@5,mIoU@0.3 | Rank@5,mIoU@0.5 | Rank@5,mIoU@0.7 | mIoU  |
+-----------------+-----------------+-----------------+-----------------+-----------------+-----------------+-------+
|      41.61      |      32.31      |      18.99      |      65.23      |      53.26      |      29.08      | 30.09 |
+-----------------+-----------------+-----------------+-----------------+-----------------+-----------------+-------+
+performance on testing set---------+-----------------+-----------------+-----------------+-----------------+-------+
| Rank@1,mIoU@0.3 | Rank@1,mIoU@0.5 | Rank@1,mIoU@0.7 | Rank@5,mIoU@0.3 | Rank@5,mIoU@0.5 | Rank@5,mIoU@0.7 | mIoU  |
+-----------------+-----------------+-----------------+-----------------+-----------------+-----------------+-------+
|      46.44      |      34.75      |      22.30      |      68.17      |      56.88      |      32.96      | 33.10 |
+-----------------+-----------------+-----------------+-----------------+-----------------+-----------------+-------+

2023-02-07 04:34:14,153 
iter: 40542 train loss 4.6707 val loss 7.9935 test loss 7.7928
+performance on validation set------+-----------------+-----------------+-----------------+-----------------+-------+
| Rank@1,mIoU@0.3 | Rank@1,mIoU@0.5 | Rank@1,mIoU@0.7 | Rank@5,mIoU@0.3 | Rank@5,mIoU@0.5 | Rank@5,mIoU@0.7 | mIoU  |
+-----------------+-----------------+-----------------+-----------------+-----------------+-----------------+-------+
|      43.10      |      32.24      |      18.56      |      66.41      |      53.11      |      28.30      | 30.90 |
+-----------------+-----------------+-----------------+-----------------+-----------------+-----------------+-------+
+performance on testing set---------+-----------------+-----------------+-----------------+-----------------+-------+
| Rank@1,mIoU@0.3 | Rank@1,mIoU@0.5 | Rank@1,mIoU@0.7 | Rank@5,mIoU@0.3 | Rank@5,mIoU@0.5 | Rank@5,mIoU@0.7 | mIoU  |
+-----------------+-----------------+-----------------+-----------------+-----------------+-----------------+-------+
|      45.24      |      34.56      |      21.13      |      69.19      |      57.55      |      31.36      | 32.29 |
+-----------------+-----------------+-----------------+-----------------+-----------------+-----------------+-------+

2023-02-07 05:07:42,112 
iter: 41940 train loss 4.5968 val loss 8.3769 test loss 8.3080
+performance on validation set------+-----------------+-----------------+-----------------+-----------------+-------+
| Rank@1,mIoU@0.3 | Rank@1,mIoU@0.5 | Rank@1,mIoU@0.7 | Rank@5,mIoU@0.3 | Rank@5,mIoU@0.5 | Rank@5,mIoU@0.7 | mIoU  |
+-----------------+-----------------+-----------------+-----------------+-----------------+-----------------+-------+
|      42.83      |      33.32      |      19.89      |      65.21      |      52.88      |      28.72      | 30.81 |
+-----------------+-----------------+-----------------+-----------------+-----------------+-----------------+-------+
+performance on testing set---------+-----------------+-----------------+-----------------+-----------------+-------+
| Rank@1,mIoU@0.3 | Rank@1,mIoU@0.5 | Rank@1,mIoU@0.7 | Rank@5,mIoU@0.3 | Rank@5,mIoU@0.5 | Rank@5,mIoU@0.7 | mIoU  |
+-----------------+-----------------+-----------------+-----------------+-----------------+-----------------+-------+
|      46.47      |      35.63      |      22.35      |      68.51      |      57.77      |      33.03      | 33.21 |
+-----------------+-----------------+-----------------+-----------------+-----------------+-----------------+-------+

2023-02-07 05:41:21,677 
iter: 43338 train loss 4.5666 val loss 8.5758 test loss 8.2427
+performance on validation set------+-----------------+-----------------+-----------------+-----------------+-------+
| Rank@1,mIoU@0.3 | Rank@1,mIoU@0.5 | Rank@1,mIoU@0.7 | Rank@5,mIoU@0.3 | Rank@5,mIoU@0.5 | Rank@5,mIoU@0.7 | mIoU  |
+-----------------+-----------------+-----------------+-----------------+-----------------+-----------------+-------+
|      41.86      |      31.69      |      18.84      |      63.80      |      51.73      |      27.83      | 29.73 |
+-----------------+-----------------+-----------------+-----------------+-----------------+-----------------+-------+
+performance on testing set---------+-----------------+-----------------+-----------------+-----------------+-------+
| Rank@1,mIoU@0.3 | Rank@1,mIoU@0.5 | Rank@1,mIoU@0.7 | Rank@5,mIoU@0.3 | Rank@5,mIoU@0.5 | Rank@5,mIoU@0.7 | mIoU  |
+-----------------+-----------------+-----------------+-----------------+-----------------+-----------------+-------+
|      45.52      |      34.72      |      21.65      |      67.41      |      56.14      |      31.83      | 32.34 |
+-----------------+-----------------+-----------------+-----------------+-----------------+-----------------+-------+

2023-02-07 06:15:23,008 
iter: 44736 train loss 4.5070 val loss 8.9040 test loss 8.6921
+performance on validation set------+-----------------+-----------------+-----------------+-----------------+-------+
| Rank@1,mIoU@0.3 | Rank@1,mIoU@0.5 | Rank@1,mIoU@0.7 | Rank@5,mIoU@0.3 | Rank@5,mIoU@0.5 | Rank@5,mIoU@0.7 | mIoU  |
+-----------------+-----------------+-----------------+-----------------+-----------------+-----------------+-------+
|      43.39      |      33.32      |      19.91      |      63.75      |      52.46      |      28.31      | 30.81 |
+-----------------+-----------------+-----------------+-----------------+-----------------+-----------------+-------+
+performance on testing set---------+-----------------+-----------------+-----------------+-----------------+-------+
| Rank@1,mIoU@0.3 | Rank@1,mIoU@0.5 | Rank@1,mIoU@0.7 | Rank@5,mIoU@0.3 | Rank@5,mIoU@0.5 | Rank@5,mIoU@0.7 | mIoU  |
+-----------------+-----------------+-----------------+-----------------+-----------------+-----------------+-------+
|      45.80      |      35.73      |      21.98      |      66.00      |      55.24      |      31.24      | 32.55 |
+-----------------+-----------------+-----------------+-----------------+-----------------+-----------------+-------+

2023-02-07 06:48:37,110 
iter: 46134 train loss 4.5113 val loss 8.9402 test loss 8.7679
+performance on validation set------+-----------------+-----------------+-----------------+-----------------+-------+
| Rank@1,mIoU@0.3 | Rank@1,mIoU@0.5 | Rank@1,mIoU@0.7 | Rank@5,mIoU@0.3 | Rank@5,mIoU@0.5 | Rank@5,mIoU@0.7 | mIoU  |
+-----------------+-----------------+-----------------+-----------------+-----------------+-----------------+-------+
|      42.09      |      32.24      |      19.58      |      63.10      |      51.51      |      27.70      | 30.34 |
+-----------------+-----------------+-----------------+-----------------+-----------------+-----------------+-------+
+performance on testing set---------+-----------------+-----------------+-----------------+-----------------+-------+
| Rank@1,mIoU@0.3 | Rank@1,mIoU@0.5 | Rank@1,mIoU@0.7 | Rank@5,mIoU@0.3 | Rank@5,mIoU@0.5 | Rank@5,mIoU@0.7 | mIoU  |
+-----------------+-----------------+-----------------+-----------------+-----------------+-----------------+-------+
|      45.05      |      34.54      |      21.98      |      66.38      |      55.93      |      31.58      | 32.10 |
+-----------------+-----------------+-----------------+-----------------+-----------------+-----------------+-------+

2023-02-07 07:21:48,809 
iter: 47532 train loss 4.4366 val loss 8.3246 test loss 8.3076
+performance on validation set------+-----------------+-----------------+-----------------+-----------------+-------+
| Rank@1,mIoU@0.3 | Rank@1,mIoU@0.5 | Rank@1,mIoU@0.7 | Rank@5,mIoU@0.3 | Rank@5,mIoU@0.5 | Rank@5,mIoU@0.7 | mIoU  |
+-----------------+-----------------+-----------------+-----------------+-----------------+-----------------+-------+
|      43.90      |      33.94      |      20.30      |      66.28      |      54.41      |      30.09      | 31.54 |
+-----------------+-----------------+-----------------+-----------------+-----------------+-----------------+-------+
+performance on testing set---------+-----------------+-----------------+-----------------+-----------------+-------+
| Rank@1,mIoU@0.3 | Rank@1,mIoU@0.5 | Rank@1,mIoU@0.7 | Rank@5,mIoU@0.3 | Rank@5,mIoU@0.5 | Rank@5,mIoU@0.7 | mIoU  |
+-----------------+-----------------+-----------------+-----------------+-----------------+-----------------+-------+
|      48.46      |      37.05      |      23.50      |      70.05      |      58.35      |      34.43      | 34.49 |
+-----------------+-----------------+-----------------+-----------------+-----------------+-----------------+-------+

2023-02-07 07:55:15,408 
iter: 48930 train loss 4.3612 val loss 8.0539 test loss 8.0839
+performance on validation set------+-----------------+-----------------+-----------------+-----------------+-------+
| Rank@1,mIoU@0.3 | Rank@1,mIoU@0.5 | Rank@1,mIoU@0.7 | Rank@5,mIoU@0.3 | Rank@5,mIoU@0.5 | Rank@5,mIoU@0.7 | mIoU  |
+-----------------+-----------------+-----------------+-----------------+-----------------+-----------------+-------+
|      44.34      |      33.77      |      20.16      |      66.63      |      54.33      |      30.17      | 32.00 |
+-----------------+-----------------+-----------------+-----------------+-----------------+-----------------+-------+
+performance on testing set---------+-----------------+-----------------+-----------------+-----------------+-------+
| Rank@1,mIoU@0.3 | Rank@1,mIoU@0.5 | Rank@1,mIoU@0.7 | Rank@5,mIoU@0.3 | Rank@5,mIoU@0.5 | Rank@5,mIoU@0.7 | mIoU  |
+-----------------+-----------------+-----------------+-----------------+-----------------+-----------------+-------+
|      47.12      |      35.93      |      22.15      |      68.03      |      56.43      |      32.04      | 33.49 |
+-----------------+-----------------+-----------------+-----------------+-----------------+-----------------+-------+

2023-02-07 08:28:41,340 
iter: 50328 train loss 4.3256 val loss 8.5596 test loss 8.4253
+performance on validation set------+-----------------+-----------------+-----------------+-----------------+-------+
| Rank@1,mIoU@0.3 | Rank@1,mIoU@0.5 | Rank@1,mIoU@0.7 | Rank@5,mIoU@0.3 | Rank@5,mIoU@0.5 | Rank@5,mIoU@0.7 | mIoU  |
+-----------------+-----------------+-----------------+-----------------+-----------------+-----------------+-------+
|      43.37      |      34.27      |      20.41      |      66.06      |      54.26      |      29.93      | 31.40 |
+-----------------+-----------------+-----------------+-----------------+-----------------+-----------------+-------+
+performance on testing set---------+-----------------+-----------------+-----------------+-----------------+-------+
| Rank@1,mIoU@0.3 | Rank@1,mIoU@0.5 | Rank@1,mIoU@0.7 | Rank@5,mIoU@0.3 | Rank@5,mIoU@0.5 | Rank@5,mIoU@0.7 | mIoU  |
+-----------------+-----------------+-----------------+-----------------+-----------------+-----------------+-------+
|      46.72      |      36.15      |      23.00      |      69.21      |      57.10      |      33.06      | 33.50 |
+-----------------+-----------------+-----------------+-----------------+-----------------+-----------------+-------+

2023-02-07 09:02:27,869 
iter: 51726 train loss 4.3128 val loss 8.6083 test loss 8.4563
+performance on validation set------+-----------------+-----------------+-----------------+-----------------+-------+
| Rank@1,mIoU@0.3 | Rank@1,mIoU@0.5 | Rank@1,mIoU@0.7 | Rank@5,mIoU@0.3 | Rank@5,mIoU@0.5 | Rank@5,mIoU@0.7 | mIoU  |
+-----------------+-----------------+-----------------+-----------------+-----------------+-----------------+-------+
|      43.76      |      33.08      |      20.08      |      66.27      |      54.16      |      29.60      | 31.17 |
+-----------------+-----------------+-----------------+-----------------+-----------------+-----------------+-------+
+performance on testing set---------+-----------------+-----------------+-----------------+-----------------+-------+
| Rank@1,mIoU@0.3 | Rank@1,mIoU@0.5 | Rank@1,mIoU@0.7 | Rank@5,mIoU@0.3 | Rank@5,mIoU@0.5 | Rank@5,mIoU@0.7 | mIoU  |
+-----------------+-----------------+-----------------+-----------------+-----------------+-----------------+-------+
|      47.20      |      36.16      |      23.05      |      68.79      |      57.85      |      33.80      | 34.07 |
+-----------------+-----------------+-----------------+-----------------+-----------------+-----------------+-------+

